<?xml version="1.0" encoding="UTF-8"?>
<!-- Generated by org.testng.reporters.JUnitXMLReporter -->
<testsuite hostname="Sh" name="Command line test" tests="8" failures="0" timestamp="9 Jul 2015 17:54:30 GMT" time="0.047" errors="0">
  <testcase name="@BeforeClass initializeTestBaseSetup" time="0.0" classname="com.pack.test.FlightFinderPageTest">
    <failure type="org.testng.TestNGException" message="
Parameter &amp;apos;browserType&amp;apos; is required by @Configuration on method initializeTestBaseSetup but has not been marked @Optional or defined
">
      <![CDATA[org.testng.TestNGException: 
Parameter 'browserType' is required by @Configuration on method initializeTestBaseSetup but has not been marked @Optional or defined

... Removed 31 stack frames]]>
    </failure>
  </testcase> <!-- @BeforeClass initializeTestBaseSetup -->
  <testcase name="@BeforeClass setup" time="0.0" classname="com.pack.test.FlightFinderPageTest">
    <skipped/>
  </testcase> <!-- @BeforeClass setup -->
  <testcase name="@AfterClass tearDown" time="0.0" classname="com.pack.test.FlightFinderPageTest">
    <skipped/>
  </testcase> <!-- @AfterClass tearDown -->
  <testcase name="@BeforeClass initializeTestBaseSetup" time="0.0" classname="com.pack.test.SignInPageTest">
    <skipped/>
  </testcase> <!-- @BeforeClass initializeTestBaseSetup -->
  <testcase name="@BeforeClass setup" time="0.0" classname="com.pack.test.SignInPageTest">
    <skipped/>
  </testcase> <!-- @BeforeClass setup -->
  <testcase name="@AfterClass tearDown" time="0.0" classname="com.pack.test.SignInPageTest">
    <skipped/>
  </testcase> <!-- @AfterClass tearDown -->
  <testcase name="sampleTest" time="0.016" classname="com.pack.test.FlightFinderPageTest">
    <skipped/>
  </testcase> <!-- sampleTest -->
  <testcase name="verifyFlightType" time="0.0" classname="com.pack.test.FlightFinderPageTest">
    <skipped/>
  </testcase> <!-- verifyFlightType -->
  <testcase name="verifyImgSrc" time="0.0" classname="com.pack.test.FlightFinderPageTest">
    <skipped/>
  </testcase> <!-- verifyImgSrc -->
  <testcase name="testing" time="0.0" classname="com.pack.test.FlightFinderPageTest">
    <skipped/>
  </testcase> <!-- testing -->
  <testcase name="sampleTest" time="0.0" classname="com.pack.test.SignInPageTest">
    <skipped/>
  </testcase> <!-- sampleTest -->
  <testcase name="verifyPageTitle" time="0.0" classname="com.pack.test.SignInPageTest">
    <skipped/>
  </testcase> <!-- verifyPageTitle -->
  <testcase name="verifySignIn" time="0.0" classname="com.pack.test.SignInPageTest">
    <skipped/>
  </testcase> <!-- verifySignIn -->
  <testcase name="testing" time="0.0" classname="com.pack.test.SignInPageTest">
    <skipped/>
  </testcase> <!-- testing -->
</testsuite> <!-- Command line test -->
