<?xml version="1.0" encoding="UTF-8"?>
<!-- Generated by org.testng.reporters.JUnitXMLReporter -->
<testsuite hostname="Sh" name="Smoke Test" tests="9" failures="0" timestamp="11 Jul 2015 03:58:58 GMT" time="15.389" errors="0">
  <testcase name="sampleTest" time="0.004" classname="com.pack.test.FlightFinderPageTest"/>
  <testcase name="verifyFlightType" time="1.432" classname="com.pack.test.FlightFinderPageTest"/>
  <testcase name="verifyImgSrc" time="0.046" classname="com.pack.test.FlightFinderPageTest"/>
  <testcase name="testing" time="0.0" classname="com.pack.test.FlightFinderPageTest"/>
  <testcase name="sampleTest" time="0.001" classname="com.pack.test.SignInPageTest"/>
  <testcase name="verifyPageTitle" time="0.018" classname="com.pack.test.SignInPageTest"/>
  <testcase name="verifySignIn" time="1.001" classname="com.pack.test.SignInPageTest"/>
  <testcase name="testing" time="0.0" classname="com.pack.test.SignInPageTest"/>
  <testcase name="sampleTest" time="0.0" classname="com.pack.test.SampleTestClass"/>
</testsuite> <!-- Smoke Test -->
