<?xml version="1.0" encoding="UTF-8"?>
<testsuite name="TestSuite" time="4.366" tests="9" errors="0" skipped="0" failures="0">
  <properties>
[...]
</properties>
  <testcase name="sampleTest" classname="com.pack.test.FlightFinderPageTest" time="0.009"/>
  <testcase name="verifyFlightType" classname="com.pack.test.FlightFinderPageTest" time="2.919"/>
  <testcase name="verifyImgSrc" classname="com.pack.test.FlightFinderPageTest" time="0.114"/>
  <testcase name="testing" classname="com.pack.test.FlightFinderPageTest" time="0.001"/>
  <testcase name="sampleTest" classname="com.pack.test.SignInPageTest" time="0.001"/>
  <testcase name="verifyPageTitle" classname="com.pack.test.SignInPageTest" time="0.097"/>
  <testcase name="verifySignIn" classname="com.pack.test.SignInPageTest" time="1.224"/>
  <testcase name="testing" classname="com.pack.test.SignInPageTest" time="0.001"/>
  <testcase name="sampleTest" classname="com.pack.test.SampleTestClass" time="0"/>
</testsuite>