<?xml version="1.0" encoding="UTF-8"?>
<testng-results skipped="0" failed="0" total="9" passed="9">
  <reporter-output>
  </reporter-output>
  <suite name="Page Object Test Suite" duration-ms="14299" started-at="2015-07-14T14:57:24Z" finished-at="2015-07-14T14:57:38Z">
    <groups>
    </groups>
    <test name="Smoke Test" duration-ms="14299" started-at="2015-07-14T14:57:24Z" finished-at="2015-07-14T14:57:38Z">
      <class name="com.pack.test.FlightFinderPageTest">
        <test-method status="PASS" signature="initializeTestBaseSetup(java.lang.String, java.lang.String)[pri:0, instance:com.pack.test.FlightFinderPageTest@7c30a502]" name="initializeTestBaseSetup" is-config="true" duration-ms="5319" started-at="2015-07-14T09:57:24Z" finished-at="2015-07-14T09:57:29Z">
          <params>
            <param index="0">
              <value>
                <![CDATA[chrome]]>
              </value>
            </param>
            <param index="1">
              <value>
                <![CDATA[http://newtours.demoaut.com/]]>
              </value>
            </param>
          </params>
          <reporter-output>
          </reporter-output>
        </test-method> <!-- initializeTestBaseSetup -->
        <test-method status="PASS" signature="setup()[pri:0, instance:com.pack.test.FlightFinderPageTest@7c30a502]" name="setup" is-config="true" duration-ms="1" started-at="2015-07-14T09:57:29Z" finished-at="2015-07-14T09:57:29Z">
          <reporter-output>
          </reporter-output>
        </test-method> <!-- setup -->
        <test-method status="PASS" signature="sampleTest()[pri:0, instance:com.pack.test.FlightFinderPageTest@7c30a502]" name="sampleTest" duration-ms="5" started-at="2015-07-14T09:57:29Z" finished-at="2015-07-14T09:57:29Z">
          <reporter-output>
          </reporter-output>
        </test-method> <!-- sampleTest -->
        <test-method status="PASS" signature="verifyFlightType()[pri:0, instance:com.pack.test.FlightFinderPageTest@7c30a502]" name="verifyFlightType" duration-ms="1369" started-at="2015-07-14T09:57:29Z" finished-at="2015-07-14T09:57:30Z">
          <reporter-output>
          </reporter-output>
        </test-method> <!-- verifyFlightType -->
        <test-method status="PASS" signature="verifyImgSrc()[pri:0, instance:com.pack.test.FlightFinderPageTest@7c30a502]" name="verifyImgSrc" duration-ms="51" started-at="2015-07-14T09:57:30Z" finished-at="2015-07-14T09:57:30Z">
          <reporter-output>
          </reporter-output>
        </test-method> <!-- verifyImgSrc -->
        <test-method status="PASS" signature="testing(java.lang.String, java.lang.String)[pri:0, instance:com.pack.test.FlightFinderPageTest@7c30a502]" name="testing" duration-ms="0" started-at="2015-07-14T09:57:30Z" finished-at="2015-07-14T09:57:30Z">
          <params>
            <param index="0">
              <value>
                <![CDATA[chrome]]>
              </value>
            </param>
            <param index="1">
              <value>
                <![CDATA[http://newtours.demoaut.com/]]>
              </value>
            </param>
          </params>
          <reporter-output>
          </reporter-output>
        </test-method> <!-- testing -->
        <test-method status="PASS" signature="tearDown()[pri:0, instance:com.pack.test.FlightFinderPageTest@7c30a502]" name="tearDown" is-config="true" duration-ms="1185" started-at="2015-07-14T09:57:30Z" finished-at="2015-07-14T09:57:32Z">
          <reporter-output>
          </reporter-output>
        </test-method> <!-- tearDown -->
      </class> <!-- com.pack.test.FlightFinderPageTest -->
      <class name="com.pack.test.SignInPageTest">
        <test-method status="PASS" signature="initializeTestBaseSetup(java.lang.String, java.lang.String)[pri:0, instance:com.pack.test.SignInPageTest@30c7da1e]" name="initializeTestBaseSetup" is-config="true" duration-ms="4394" started-at="2015-07-14T09:57:32Z" finished-at="2015-07-14T09:57:36Z">
          <params>
            <param index="0">
              <value>
                <![CDATA[chrome]]>
              </value>
            </param>
            <param index="1">
              <value>
                <![CDATA[http://newtours.demoaut.com/]]>
              </value>
            </param>
          </params>
          <reporter-output>
          </reporter-output>
        </test-method> <!-- initializeTestBaseSetup -->
        <test-method status="PASS" signature="sampleTest()[pri:0, instance:com.pack.test.SignInPageTest@30c7da1e]" name="sampleTest" duration-ms="0" started-at="2015-07-14T09:57:36Z" finished-at="2015-07-14T09:57:36Z">
          <reporter-output>
          </reporter-output>
        </test-method> <!-- sampleTest -->
        <test-method status="PASS" signature="setup()[pri:0, instance:com.pack.test.SignInPageTest@30c7da1e]" name="setup" is-config="true" duration-ms="0" started-at="2015-07-14T09:57:36Z" finished-at="2015-07-14T09:57:36Z">
          <reporter-output>
          </reporter-output>
        </test-method> <!-- setup -->
        <test-method status="PASS" signature="verifyPageTitle()[pri:0, instance:com.pack.test.SignInPageTest@30c7da1e]" name="verifyPageTitle" duration-ms="26" started-at="2015-07-14T09:57:36Z" finished-at="2015-07-14T09:57:36Z">
          <reporter-output>
          </reporter-output>
        </test-method> <!-- verifyPageTitle -->
        <test-method status="PASS" signature="verifySignIn()[pri:0, instance:com.pack.test.SignInPageTest@30c7da1e]" name="verifySignIn" duration-ms="773" started-at="2015-07-14T09:57:36Z" finished-at="2015-07-14T09:57:37Z">
          <reporter-output>
          </reporter-output>
        </test-method> <!-- verifySignIn -->
        <test-method status="PASS" signature="testing(java.lang.String, java.lang.String)[pri:0, instance:com.pack.test.SignInPageTest@30c7da1e]" name="testing" duration-ms="1" started-at="2015-07-14T09:57:37Z" finished-at="2015-07-14T09:57:37Z">
          <params>
            <param index="0">
              <value>
                <![CDATA[chrome]]>
              </value>
            </param>
            <param index="1">
              <value>
                <![CDATA[http://newtours.demoaut.com/]]>
              </value>
            </param>
          </params>
          <reporter-output>
          </reporter-output>
        </test-method> <!-- testing -->
        <test-method status="PASS" signature="tearDown()[pri:0, instance:com.pack.test.SignInPageTest@30c7da1e]" name="tearDown" is-config="true" duration-ms="1162" started-at="2015-07-14T09:57:37Z" finished-at="2015-07-14T09:57:38Z">
          <reporter-output>
          </reporter-output>
        </test-method> <!-- tearDown -->
      </class> <!-- com.pack.test.SignInPageTest -->
      <class name="com.pack.test.SampleTestClass">
        <test-method status="PASS" signature="sampleTest()[pri:0, instance:com.pack.test.SampleTestClass@39ba5a14]" name="sampleTest" duration-ms="0" started-at="2015-07-14T09:57:38Z" finished-at="2015-07-14T09:57:38Z">
          <reporter-output>
          </reporter-output>
        </test-method> <!-- sampleTest -->
      </class> <!-- com.pack.test.SampleTestClass -->
    </test> <!-- Smoke Test -->
  </suite> <!-- Page Object Test Suite -->
</testng-results>
