<?xml version="1.0" encoding="UTF-8"?>
<testng-results skipped="0" failed="0" total="1" passed="1">
  <reporter-output>
  </reporter-output>
  <suite name="Page Object Test Suite" duration-ms="15540" started-at="2015-07-14T20:13:30Z" finished-at="2015-07-14T20:13:46Z">
    <groups>
    </groups>
    <test name="Smoke Test" duration-ms="15540" started-at="2015-07-14T20:13:30Z" finished-at="2015-07-14T20:13:46Z">
      <class name="com.pack.test.SelectFlightPageTest">
        <test-method status="PASS" signature="initializeTestBaseSetup(java.lang.String, java.lang.String)[pri:0, instance:com.pack.test.SelectFlightPageTest@6adca536]" name="initializeTestBaseSetup" is-config="true" duration-ms="7742" started-at="2015-07-14T15:13:30Z" finished-at="2015-07-14T15:13:38Z">
          <params>
            <param index="0">
              <value>
                <![CDATA[chrome]]>
              </value>
            </param>
            <param index="1">
              <value>
                <![CDATA[http://newtours.demoaut.com/]]>
              </value>
            </param>
          </params>
          <reporter-output>
          </reporter-output>
        </test-method> <!-- initializeTestBaseSetup -->
        <test-method status="PASS" signature="setup()[pri:0, instance:com.pack.test.SelectFlightPageTest@6adca536]" name="setup" is-config="true" duration-ms="0" started-at="2015-07-14T15:13:38Z" finished-at="2015-07-14T15:13:38Z">
          <reporter-output>
          </reporter-output>
        </test-method> <!-- setup -->
        <test-method status="PASS" signature="verifySelectPage(java.lang.String, java.lang.String)[pri:0, instance:com.pack.test.SelectFlightPageTest@6adca536]" name="verifySelectPage" duration-ms="6649" started-at="2015-07-14T15:13:38Z" finished-at="2015-07-14T15:13:45Z">
          <params>
            <param index="0">
              <value>
                <![CDATA[test]]>
              </value>
            </param>
            <param index="1">
              <value>
                <![CDATA[test]]>
              </value>
            </param>
          </params>
          <reporter-output>
          </reporter-output>
        </test-method> <!-- verifySelectPage -->
        <test-method status="PASS" signature="tearDown()[pri:0, instance:com.pack.test.SelectFlightPageTest@6adca536]" name="tearDown" is-config="true" duration-ms="1131" started-at="2015-07-14T15:13:45Z" finished-at="2015-07-14T15:13:46Z">
          <reporter-output>
          </reporter-output>
        </test-method> <!-- tearDown -->
      </class> <!-- com.pack.test.SelectFlightPageTest -->
    </test> <!-- Smoke Test -->
  </suite> <!-- Page Object Test Suite -->
</testng-results>
