<?xml version="1.0" encoding="UTF-8"?>
<!-- Generated by org.testng.reporters.JUnitXMLReporter -->
<testsuite hostname="Sh" name="Smoke Test" tests="9" failures="0" timestamp="11 Jul 2015 03:52:21 GMT" time="14.716" errors="0">
  <testcase name="sampleTest" time="0.01" classname="com.pack.test.FlightFinderPageTest"/>
  <testcase name="verifyFlightType" time="1.332" classname="com.pack.test.FlightFinderPageTest"/>
  <testcase name="verifyImgSrc" time="0.056" classname="com.pack.test.FlightFinderPageTest"/>
  <testcase name="testing" time="0.001" classname="com.pack.test.FlightFinderPageTest"/>
  <testcase name="sampleTest" time="0.001" classname="com.pack.test.SignInPageTest"/>
  <testcase name="verifyPageTitle" time="0.017" classname="com.pack.test.SignInPageTest"/>
  <testcase name="verifySignIn" time="0.863" classname="com.pack.test.SignInPageTest"/>
  <testcase name="testing" time="0.003" classname="com.pack.test.SignInPageTest"/>
  <testcase name="sampleTest" time="0.0" classname="com.pack.test.SampleTestClass"/>
</testsuite> <!-- Smoke Test -->
