<?xml version="1.0" encoding="UTF-8"?>
<!-- Generated by org.testng.reporters.JUnitXMLReporter -->
<testsuite hostname="Sh" name="Smoke Test" tests="9" failures="0" timestamp="8 Jul 2015 17:33:37 GMT" time="18.751" errors="0">
  <testcase name="sampleTest" time="0.007" classname="com.pack.test.FlightFinderPageTest"/>
  <testcase name="verifyFlightType" time="3.196" classname="com.pack.test.FlightFinderPageTest"/>
  <testcase name="verifyImgSrc" time="0.118" classname="com.pack.test.FlightFinderPageTest"/>
  <testcase name="testing" time="0.001" classname="com.pack.test.FlightFinderPageTest"/>
  <testcase name="sampleTest" time="0.001" classname="com.pack.test.SignInPageTest"/>
  <testcase name="verifyPageTitle" time="0.106" classname="com.pack.test.SignInPageTest"/>
  <testcase name="verifySignIn" time="1.533" classname="com.pack.test.SignInPageTest"/>
  <testcase name="testing" time="0.001" classname="com.pack.test.SignInPageTest"/>
  <testcase name="sampleTest" time="0.001" classname="com.pack.test.SampleTestClass"/>
</testsuite> <!-- Smoke Test -->
